<?xml version="1.0" encoding="UTF-8"?>
<!-- Generated by org.testng.reporters.JUnitXMLReporter -->
<testsuite ignored="0" hostname="DESKTOP-EHJBA5R" failures="0" tests="6" name="Default test" time="12.077" errors="0" timestamp="2023-04-19T11:20:58 EDT">
  <testcase classname="testing.LogingPage" name="openwebpage" time="5.121"/>
  <testcase classname="testing.LogingPage" name="wrongname" time="0.35"/>
  <testcase classname="testing.LogingPage" name="rightnamepass" time="0.46"/>
  <testcase classname="testing.ProductcekOut" name="picture" time="0.311"/>
  <testcase classname="testing.ProductcekOut" name="click" time="0.099"/>
  <testcase classname="testing.ProductcekOut" name="addtocart" time="0.239"/>
</testsuite> <!-- Default test -->
