<?xml version="1.0" encoding="UTF-8"?>
<testng-results ignored="0" total="6" passed="6" failed="0" skipped="0">
  <reporter-output>
  </reporter-output>
  <suite started-at="2023-04-19T11:20:46 EDT" name="Default suite" finished-at="2023-04-19T11:20:58 EDT" duration-ms="12077">
    <groups>
    </groups>
    <test started-at="2023-04-19T11:20:46 EDT" name="Default test" finished-at="2023-04-19T11:20:58 EDT" duration-ms="12077">
      <class name="testing.ProductcekOut">
        <test-method signature="openwebpage()[pri:0, instance:testing.ProductcekOut@7d3e8655]" started-at="2023-04-19T11:20:46 EDT" name="openwebpage" finished-at="2023-04-19T11:20:51 EDT" duration-ms="5121" status="PASS">
          <reporter-output>
          </reporter-output>
        </test-method> <!-- openwebpage -->
        <test-method signature="wrongname()[pri:1, instance:testing.ProductcekOut@7d3e8655]" started-at="2023-04-19T11:20:51 EDT" name="wrongname" description="negetive testing" finished-at="2023-04-19T11:20:51 EDT" duration-ms="350" status="PASS">
          <reporter-output>
          </reporter-output>
        </test-method> <!-- wrongname -->
        <test-method signature="rightnamepass()[pri:2, instance:testing.ProductcekOut@7d3e8655]" started-at="2023-04-19T11:20:51 EDT" name="rightnamepass" description="positive testing" finished-at="2023-04-19T11:20:52 EDT" duration-ms="460" status="PASS">
          <reporter-output>
          </reporter-output>
        </test-method> <!-- rightnamepass -->
        <test-method signature="picture()[pri:3, instance:testing.ProductcekOut@7d3e8655]" started-at="2023-04-19T11:20:52 EDT" name="picture" finished-at="2023-04-19T11:20:52 EDT" duration-ms="311" status="PASS">
          <reporter-output>
          </reporter-output>
        </test-method> <!-- picture -->
        <test-method signature="click()[pri:4, instance:testing.ProductcekOut@7d3e8655]" started-at="2023-04-19T11:20:52 EDT" name="click" finished-at="2023-04-19T11:20:52 EDT" duration-ms="99" status="PASS">
          <reporter-output>
          </reporter-output>
        </test-method> <!-- click -->
        <test-method signature="addtocart()[pri:5, instance:testing.ProductcekOut@7d3e8655]" started-at="2023-04-19T11:20:52 EDT" name="addtocart" finished-at="2023-04-19T11:20:52 EDT" duration-ms="239" status="PASS">
          <reporter-output>
          </reporter-output>
        </test-method> <!-- addtocart -->
        <test-method is-config="true" signature="close()[pri:0, instance:testing.ProductcekOut@7d3e8655]" started-at="2023-04-19T11:20:52 EDT" name="close" finished-at="2023-04-19T11:20:58 EDT" duration-ms="5422" status="PASS">
          <reporter-output>
          </reporter-output>
        </test-method> <!-- close -->
      </class> <!-- testing.ProductcekOut -->
    </test> <!-- Default test -->
  </suite> <!-- Default suite -->
</testng-results>
